  Thuglife.cpp
c:\visualprojects\project2\thuglife.cpp(68): warning C4244: "=": konwersja z "float" do "long", możliwa utrata danych
c:\visualprojects\project2\thuglife.cpp(83): warning C4305: "+=": obcięcie z "double" do "float"
  background.cpp
  draw.cpp
  highscores.cpp
  init.cpp
  input.cpp
  sound.cpp
  stage.cpp
c:\visualprojects\project2\stage.cpp(386): warning C4244: "=": konwersja z "int" do "float", możliwa utrata danych
c:\visualprojects\project2\stage.cpp(390): warning C4244: "=": konwersja z "int" do "float", możliwa utrata danych
c:\visualprojects\project2\stage.cpp(431): warning C4244: "argument": konwersja z "float" do "int", możliwa utrata danych
c:\visualprojects\project2\stage.cpp(469): warning C4244: "argument": konwersja z "float" do "int", możliwa utrata danych
c:\visualprojects\project2\stage.cpp(477): warning C4244: "argument": konwersja z "float" do "int", możliwa utrata danych
c:\visualprojects\project2\stage.cpp(482): warning C4244: "argument": konwersja z "float" do "int", możliwa utrata danych
c:\visualprojects\project2\stage.cpp(523): warning C4244: "=": konwersja z "int" do "float", możliwa utrata danych
c:\visualprojects\project2\stage.cpp(532): warning C4244: "=": konwersja z "int" do "float", możliwa utrata danych
c:\visualprojects\project2\stage.cpp(560): warning C4244: "=": konwersja z "int" do "float", możliwa utrata danych
c:\visualprojects\project2\stage.cpp(561): warning C4244: "=": konwersja z "int" do "float", możliwa utrata danych
c:\visualprojects\project2\stage.cpp(626): warning C4244: "argument": konwersja z "float" do "int", możliwa utrata danych
c:\visualprojects\project2\stage.cpp(673): warning C4244: "argument": konwersja z "float" do "int", możliwa utrata danych
c:\visualprojects\project2\stage.cpp(715): warning C4244: "argument": konwersja z "float" do "int", możliwa utrata danych
c:\visualprojects\project2\stage.cpp(748): warning C4244: "argument": konwersja z "float" do "int", możliwa utrata danych
c:\visualprojects\project2\stage.cpp(757): warning C4244: "argument": konwersja z "float" do "int", możliwa utrata danych
c:\visualprojects\project2\stage.cpp(761): warning C4244: "argument": konwersja z "float" do "int", możliwa utrata danych
c:\visualprojects\project2\stage.cpp(771): warning C4244: "argument": konwersja z "float" do "int", możliwa utrata danych
c:\visualprojects\project2\stage.cpp(782): warning C4244: "argument": konwersja z "float" do "int", możliwa utrata danych
c:\visualprojects\project2\stage.cpp(793): warning C4244: "argument": konwersja z "float" do "int", możliwa utrata danych
c:\visualprojects\project2\stage.cpp(889): warning C4244: "=": konwersja z "int" do "float", możliwa utrata danych
c:\visualprojects\project2\stage.cpp(890): warning C4244: "=": konwersja z "int" do "float", możliwa utrata danych
c:\visualprojects\project2\stage.cpp(891): warning C4244: "=": konwersja z "int" do "float", możliwa utrata danych
c:\visualprojects\project2\stage.cpp(892): warning C4244: "=": konwersja z "int" do "float", możliwa utrata danych
c:\visualprojects\project2\stage.cpp(943): warning C4244: "=": konwersja z "int" do "float", możliwa utrata danych
c:\visualprojects\project2\stage.cpp(944): warning C4244: "=": konwersja z "int" do "float", możliwa utrata danych
c:\visualprojects\project2\stage.cpp(963): warning C4244: "argument": konwersja z "float" do "int", możliwa utrata danych
c:\visualprojects\project2\stage.cpp(979): warning C4244: "argument": konwersja z "float" do "int", możliwa utrata danych
  text.cpp
  title.cpp
  util.cpp
c:\visualprojects\project2\util.cpp(18): warning C4244: "=": konwersja z "int" do "float", możliwa utrata danych
c:\visualprojects\project2\util.cpp(21): warning C4244: "=": konwersja z "int" do "float", możliwa utrata danych
  Trwa generowanie kodu
  19 of 80 functions (23.8%) were compiled, the rest were copied from previous compilation.
    1 functions were new in current compilation
    12 functions had inline decision re-evaluated but remain unchanged
  Zakończono generowanie kodu
  Project2.vcxproj -> C:\visualprojects\Project2\Release\Project2.exe
